TN:
SF:D:\Workarea\iotaeco\iota-pico-pow-wasm\src\IWebPlatform.ts
FNF:0
FNH:0
LF:0
LH:0
BRF:0
BRH:0
end_of_record
TN:
SF:D:\Workarea\iotaeco\iota-pico-pow-wasm\src\index.ts
FNF:0
FNH:0
LF:0
LH:0
BRF:0
BRH:0
end_of_record
TN:
SF:D:\Workarea\iotaeco\iota-pico-pow-wasm\src\proofOfWork.ts
FN:26,(anonymous_1)
FN:41,(anonymous_2)
FN:42,(anonymous_3)
FN:49,(anonymous_4)
FN:66,(anonymous_5)
FN:78,(anonymous_6)
FN:79,(anonymous_7)
FNF:7
FNH:7
FNDA:10,(anonymous_1)
FNDA:7,(anonymous_2)
FNDA:7,(anonymous_3)
FNDA:5,(anonymous_4)
FNDA:1,(anonymous_5)
FNDA:6,(anonymous_6)
FNDA:6,(anonymous_7)
DA:2,1
DA:3,1
DA:4,1
DA:5,1
DA:8,1
DA:10,1
DA:16,1
DA:27,10
DA:28,7
DA:33,3
DA:42,7
DA:43,7
DA:44,1
DA:47,7
DA:49,7
DA:50,5
DA:51,5
DA:54,7
DA:55,7
DA:57,2
DA:67,1
DA:79,6
DA:80,6
DA:81,1
DA:83,5
DA:84,1
DA:86,4
DA:87,1
DA:90,3
DA:91,3
DA:93,2
DA:95,1
LF:32
LH:32
BRDA:27,0,0,7
BRDA:27,0,1,3
BRDA:43,1,0,1
BRDA:43,1,1,6
BRDA:43,2,0,7
BRDA:43,2,1,7
BRDA:80,3,0,1
BRDA:80,3,1,5
BRDA:83,4,0,1
BRDA:83,4,1,4
BRDA:86,5,0,1
BRDA:86,5,1,3
BRDA:86,6,0,4
BRDA:86,6,1,3
BRF:14
BRH:14
end_of_record
