TN:
SF:D:\Workarea\iotaeco\iota-pico-pow-wasm\src\index.ts
FNF:0
FNH:0
LF:0
LH:0
BRF:0
BRH:0
end_of_record
TN:
SF:D:\Workarea\iotaeco\iota-pico-pow-wasm\src\proofOfWork.ts
FN:20,(anonymous_1)
FN:21,(anonymous_2)
FN:28,(anonymous_3)
FN:47,(anonymous_4)
FN:49,(anonymous_5)
FNF:5
FNH:5
FNDA:1,(anonymous_1)
FNDA:1,(anonymous_2)
FNDA:1,(anonymous_3)
FNDA:1,(anonymous_4)
FNDA:1,(anonymous_5)
DA:2,1
DA:3,1
DA:5,1
DA:7,1
DA:12,1
DA:21,1
DA:22,1
DA:23,0
DA:26,1
DA:28,1
DA:29,1
DA:30,1
DA:33,1
DA:34,1
DA:36,0
DA:49,1
DA:50,1
DA:51,0
DA:53,1
DA:54,0
DA:57,1
DA:59,1
LF:22
LH:18
BRDA:22,0,0,0
BRDA:22,0,1,1
BRDA:50,1,0,0
BRDA:50,1,1,1
BRDA:50,2,0,1
BRDA:50,2,1,1
BRDA:53,3,0,0
BRDA:53,3,1,1
BRF:8
BRH:5
end_of_record
TN:
SF:D:\Workarea\iotaeco\iota-pico-pow-wasm\wasm\iota-pico-pow-wasm.js
FN:1,(anonymous_0)
FN:38,(anonymous_1)
FN:82,shell_read
FN:94,readBinary
FN:111,(anonymous_4)
FN:119,(anonymous_5)
FN:124,(anonymous_6)
FN:128,shell_read
FN:137,readBinary
FN:158,(anonymous_9)
FN:164,shell_read
FN:180,readBinary
FN:197,readAsync
FN:201,xhr_onload
FN:221,(anonymous_14)
FN:257,(anonymous_15)
FN:261,staticAlloc
FN:268,dynamicAlloc
FN:283,alignMemory
FN:289,getNativeTypeSize
FN:311,warnOnce
FN:323,addFunction
FN:333,removeFunction
FN:339,getFuncWrapper
FN:349,dynCall_wrapper
FN:353,dynCall_wrapper
FN:358,dynCall_wrapper
FN:367,makeBigInt
FN:371,dynCall
FN:384,getCompilerSetting
FN:394,(anonymous_30)
FN:395,(anonymous_31)
FN:396,(anonymous_32)
FN:427,assert
FN:436,getCFunc
FN:446,(anonymous_35)
FN:449,(anonymous_36)
FN:453,(anonymous_37)
FN:458,(anonymous_38)
FN:473,ccall
FN:497,cwrap
FN:502,(anonymous_41)
FN:507,(anonymous_42)
FN:513,setValue
FN:529,getValue
FN:565,allocate
FN:635,getMemory
FN:642,Pointer_stringify
FN:678,AsciiToString
FN:690,stringToAscii
FN:698,UTF8ArrayToString
FN:747,UTF8ToString
FN:763,stringToUTF8Array
FN:820,stringToUTF8
FN:827,lengthBytesUTF8
FN:855,UTF16ToString
FN:891,stringToUTF16
FN:915,lengthBytesUTF16
FN:919,UTF32ToString
FN:951,stringToUTF32
FN:980,lengthBytesUTF32
FN:995,allocateUTF8
FN:1003,allocateUTF8OnStack
FN:1010,demangle
FN:1015,demangleAll
FN:1019,(anonymous_65)
FN:1025,jsStackTrace
FN:1042,stackTrace
FN:1055,alignUp
FN:1082,updateGlobalBuffer
FN:1086,updateGlobalBufferViews
FN:1106,writeStackCookie
FN:1112,checkStackCookie
FN:1120,abortStackOverflow
FN:1124,abortOnCannotGrowMemory
FN:1129,enlargeMemory
FN:1165,getTotalMemory
FN:1174,callRuntimeCallbacks
FN:1204,preRun
FN:1215,ensureInitRuntime
FN:1222,preMain
FN:1227,exitRuntime
FN:1233,postRun
FN:1245,addOnPreRun
FN:1249,addOnInit
FN:1253,addOnPreMain
FN:1257,addOnExit
FN:1261,addOnPostRun
FN:1270,writeStringToMemory
FN:1285,writeArrayToMemory
FN:1290,writeAsciiToMemory
FN:1299,unSign
FN:1306,reSign
FN:1356,getUniqueRunDependency
FN:1365,addRunDependency
FN:1375,(anonymous_95)
FN:1399,removeRunDependency
FN:1433,(anonymous_97)
FN:1436,(anonymous_98)
FN:1437,(anonymous_99)
FN:1438,(anonymous_100)
FN:1439,(anonymous_101)
FN:1440,(anonymous_102)
FN:1441,(anonymous_103)
FN:1442,(anonymous_104)
FN:1443,(anonymous_105)
FN:1444,(anonymous_106)
FN:1446,ErrnoError
FN:1457,isDataURI
FN:1466,integrateWasmJS
FN:1506,(anonymous_110)
FN:1509,(anonymous_111)
FN:1519,mergeMemory
FN:1537,fixImports
FN:1541,getBinary
FN:1561,getBinaryPromise
FN:1565,(anonymous_116)
FN:1570,(anonymous_117)
FN:1575,(anonymous_118)
FN:1583,doNativeWasm
FN:1603,receiveInstance
FN:1628,receiveInstantiatedSource
FN:1635,instantiateArrayBuffer
FN:1636,(anonymous_123)
FN:1638,(anonymous_124)
FN:1650,(anonymous_125)
FN:1671,(anonymous_126)
FN:1693,(anonymous_127)
FN:1708,(anonymous_128)
FN:1778,copyTempFloat
FN:1790,copyTempDouble
FN:1813,___lock
FN:1816,(anonymous_132)
FN:1820,(anonymous_133)
FN:1823,(anonymous_134)
FN:1828,(anonymous_135)
FN:1830,___syscall140
FN:1847,flush_NO_FILESYSTEM
FN:1856,___syscall146
FN:1864,(anonymous_139)
FN:1890,___syscall54
FN:1900,___syscall6
FN:1912,___unlock
FN:1914,_emscripten_has_threading_support
FN:1921,_llvm_cttz_i32
FN:1931,_llvm_cttz_i64
FN:1937,_llvm_stackrestore
FN:1944,_llvm_stacksave
FN:1954,_emscripten_memcpy_big
FN:1961,_pthread_create
FN:1965,_pthread_join
FN:1967,_pthread_mutex_init
FN:1974,___setErrNo
FN:1981,_sysconf
FN:2145,intArrayFromString
FN:2153,intArrayToString
FN:2179,(anonymous_156)
FN:2212,intArrayFromBase64
FN:2237,tryParseAsDataURI
FN:2247,nullFunc_ii
FN:2249,nullFunc_iiii
FN:2255,invoke_ii
FN:2264,invoke_iiii
FN:2280,(anonymous_163)
FN:2286,(anonymous_164)
FN:2292,(anonymous_165)
FN:2298,(anonymous_166)
FN:2304,(anonymous_167)
FN:2310,(anonymous_168)
FN:2316,(anonymous_169)
FN:2322,(anonymous_170)
FN:2328,(anonymous_171)
FN:2334,(anonymous_172)
FN:2340,(anonymous_173)
FN:2346,(anonymous_174)
FN:2352,(anonymous_175)
FN:2358,(anonymous_176)
FN:2364,(anonymous_177)
FN:2370,(anonymous_178)
FN:2376,(anonymous_179)
FN:2380,(anonymous_180)
FN:2384,(anonymous_181)
FN:2388,(anonymous_182)
FN:2392,(anonymous_183)
FN:2396,(anonymous_184)
FN:2400,(anonymous_185)
FN:2404,(anonymous_186)
FN:2408,(anonymous_187)
FN:2412,(anonymous_188)
FN:2416,(anonymous_189)
FN:2420,(anonymous_190)
FN:2424,(anonymous_191)
FN:2428,(anonymous_192)
FN:2432,(anonymous_193)
FN:2436,(anonymous_194)
FN:2440,(anonymous_195)
FN:2444,(anonymous_196)
FN:2448,(anonymous_197)
FN:2452,(anonymous_198)
FN:2456,(anonymous_199)
FN:2468,(anonymous_200)
FN:2469,(anonymous_201)
FN:2472,(anonymous_202)
FN:2473,(anonymous_203)
FN:2474,(anonymous_204)
FN:2475,(anonymous_205)
FN:2476,(anonymous_206)
FN:2477,(anonymous_207)
FN:2478,(anonymous_208)
FN:2479,(anonymous_209)
FN:2480,(anonymous_210)
FN:2481,(anonymous_211)
FN:2482,(anonymous_212)
FN:2483,(anonymous_213)
FN:2484,(anonymous_214)
FN:2485,(anonymous_215)
FN:2486,(anonymous_216)
FN:2487,(anonymous_217)
FN:2488,(anonymous_218)
FN:2489,(anonymous_219)
FN:2490,(anonymous_220)
FN:2491,(anonymous_221)
FN:2492,(anonymous_222)
FN:2493,(anonymous_223)
FN:2494,(anonymous_224)
FN:2495,(anonymous_225)
FN:2496,(anonymous_226)
FN:2497,(anonymous_227)
FN:2498,(anonymous_228)
FN:2499,(anonymous_229)
FN:2500,(anonymous_230)
FN:2501,(anonymous_231)
FN:2502,(anonymous_232)
FN:2503,(anonymous_233)
FN:2504,(anonymous_234)
FN:2505,(anonymous_235)
FN:2506,(anonymous_236)
FN:2507,(anonymous_237)
FN:2508,(anonymous_238)
FN:2509,(anonymous_239)
FN:2510,(anonymous_240)
FN:2511,(anonymous_241)
FN:2512,(anonymous_242)
FN:2513,(anonymous_243)
FN:2514,(anonymous_244)
FN:2515,(anonymous_245)
FN:2516,(anonymous_246)
FN:2517,(anonymous_247)
FN:2518,(anonymous_248)
FN:2519,(anonymous_249)
FN:2520,(anonymous_250)
FN:2521,(anonymous_251)
FN:2522,(anonymous_252)
FN:2523,(anonymous_253)
FN:2524,(anonymous_254)
FN:2525,(anonymous_255)
FN:2526,(anonymous_256)
FN:2527,(anonymous_257)
FN:2528,(anonymous_258)
FN:2529,(anonymous_259)
FN:2529,(anonymous_260)
FN:2530,(anonymous_261)
FN:2531,(anonymous_262)
FN:2532,(anonymous_263)
FN:2533,(anonymous_264)
FN:2543,(anonymous_265)
FN:2552,(anonymous_266)
FN:2565,ExitStatus
FN:2576,runCaller
FN:2587,run
FN:2601,doRun
FN:2620,(anonymous_271)
FN:2621,(anonymous_272)
FN:2633,checkUnflushedContent
FN:2648,(anonymous_274)
FN:2662,exit
FN:2698,abort
FN:2717,(anonymous_277)
FN:2756,(anonymous_278)
FNF:279
FNH:47
FNDA:1,(anonymous_0)
FNDA:0,(anonymous_1)
FNDA:0,shell_read
FNDA:0,readBinary
FNDA:0,(anonymous_4)
FNDA:0,(anonymous_5)
FNDA:0,(anonymous_6)
FNDA:0,shell_read
FNDA:0,readBinary
FNDA:0,(anonymous_9)
FNDA:0,shell_read
FNDA:0,readBinary
FNDA:0,readAsync
FNDA:0,xhr_onload
FNDA:0,(anonymous_14)
FNDA:0,(anonymous_15)
FNDA:2,staticAlloc
FNDA:0,dynamicAlloc
FNDA:2,alignMemory
FNDA:0,getNativeTypeSize
FNDA:0,warnOnce
FNDA:0,addFunction
FNDA:0,removeFunction
FNDA:0,getFuncWrapper
FNDA:0,dynCall_wrapper
FNDA:0,dynCall_wrapper
FNDA:0,dynCall_wrapper
FNDA:0,makeBigInt
FNDA:0,dynCall
FNDA:0,getCompilerSetting
FNDA:0,(anonymous_30)
FNDA:0,(anonymous_31)
FNDA:0,(anonymous_32)
FNDA:2699,assert
FNDA:2,getCFunc
FNDA:0,(anonymous_35)
FNDA:0,(anonymous_36)
FNDA:0,(anonymous_37)
FNDA:1,(anonymous_38)
FNDA:1,ccall
FNDA:1,cwrap
FNDA:1,(anonymous_41)
FNDA:1,(anonymous_42)
FNDA:0,setValue
FNDA:0,getValue
FNDA:1,allocate
FNDA:0,getMemory
FNDA:1,Pointer_stringify
FNDA:0,AsciiToString
FNDA:0,stringToAscii
FNDA:0,UTF8ArrayToString
FNDA:0,UTF8ToString
FNDA:1,stringToUTF8Array
FNDA:1,stringToUTF8
FNDA:0,lengthBytesUTF8
FNDA:0,UTF16ToString
FNDA:0,stringToUTF16
FNDA:0,lengthBytesUTF16
FNDA:0,UTF32ToString
FNDA:0,stringToUTF32
FNDA:0,lengthBytesUTF32
FNDA:0,allocateUTF8
FNDA:0,allocateUTF8OnStack
FNDA:0,demangle
FNDA:0,demangleAll
FNDA:0,(anonymous_65)
FNDA:0,jsStackTrace
FNDA:0,stackTrace
FNDA:0,alignUp
FNDA:0,updateGlobalBuffer
FNDA:1,updateGlobalBufferViews
FNDA:1,writeStackCookie
FNDA:4,checkStackCookie
FNDA:0,abortStackOverflow
FNDA:0,abortOnCannotGrowMemory
FNDA:0,enlargeMemory
FNDA:3,getTotalMemory
FNDA:4,callRuntimeCallbacks
FNDA:1,preRun
FNDA:1,ensureInitRuntime
FNDA:1,preMain
FNDA:0,exitRuntime
FNDA:1,postRun
FNDA:0,addOnPreRun
FNDA:0,addOnInit
FNDA:0,addOnPreMain
FNDA:0,addOnExit
FNDA:0,addOnPostRun
FNDA:0,writeStringToMemory
FNDA:0,writeArrayToMemory
FNDA:0,writeAsciiToMemory
FNDA:0,unSign
FNDA:0,reSign
FNDA:0,getUniqueRunDependency
FNDA:1,addRunDependency
FNDA:0,(anonymous_95)
FNDA:1,removeRunDependency
FNDA:0,(anonymous_97)
FNDA:0,(anonymous_98)
FNDA:0,(anonymous_99)
FNDA:0,(anonymous_100)
FNDA:0,(anonymous_101)
FNDA:0,(anonymous_102)
FNDA:0,(anonymous_103)
FNDA:0,(anonymous_104)
FNDA:0,(anonymous_105)
FNDA:0,(anonymous_106)
FNDA:0,ErrnoError
FNDA:1,isDataURI
FNDA:1,integrateWasmJS
FNDA:0,(anonymous_110)
FNDA:0,(anonymous_111)
FNDA:0,mergeMemory
FNDA:1,fixImports
FNDA:1,getBinary
FNDA:1,getBinaryPromise
FNDA:0,(anonymous_116)
FNDA:0,(anonymous_117)
FNDA:1,(anonymous_118)
FNDA:1,doNativeWasm
FNDA:1,receiveInstance
FNDA:1,receiveInstantiatedSource
FNDA:1,instantiateArrayBuffer
FNDA:1,(anonymous_123)
FNDA:0,(anonymous_124)
FNDA:0,(anonymous_125)
FNDA:0,(anonymous_126)
FNDA:0,(anonymous_127)
FNDA:1,(anonymous_128)
FNDA:0,copyTempFloat
FNDA:0,copyTempDouble
FNDA:0,___lock
FNDA:0,(anonymous_132)
FNDA:0,(anonymous_133)
FNDA:0,(anonymous_134)
FNDA:0,(anonymous_135)
FNDA:0,___syscall140
FNDA:0,flush_NO_FILESYSTEM
FNDA:0,___syscall146
FNDA:0,(anonymous_139)
FNDA:0,___syscall54
FNDA:0,___syscall6
FNDA:0,___unlock
FNDA:1,_emscripten_has_threading_support
FNDA:0,_llvm_cttz_i32
FNDA:0,_llvm_cttz_i64
FNDA:0,_llvm_stackrestore
FNDA:0,_llvm_stacksave
FNDA:0,_emscripten_memcpy_big
FNDA:0,_pthread_create
FNDA:0,_pthread_join
FNDA:0,_pthread_mutex_init
FNDA:0,___setErrNo
FNDA:0,_sysconf
FNDA:0,intArrayFromString
FNDA:0,intArrayToString
FNDA:0,(anonymous_156)
FNDA:1,intArrayFromBase64
FNDA:1,tryParseAsDataURI
FNDA:0,nullFunc_ii
FNDA:0,nullFunc_iiii
FNDA:0,invoke_ii
FNDA:0,invoke_iiii
FNDA:0,(anonymous_163)
FNDA:0,(anonymous_164)
FNDA:0,(anonymous_165)
FNDA:0,(anonymous_166)
FNDA:0,(anonymous_167)
FNDA:0,(anonymous_168)
FNDA:0,(anonymous_169)
FNDA:0,(anonymous_170)
FNDA:0,(anonymous_171)
FNDA:0,(anonymous_172)
FNDA:0,(anonymous_173)
FNDA:0,(anonymous_174)
FNDA:0,(anonymous_175)
FNDA:0,(anonymous_176)
FNDA:0,(anonymous_177)
FNDA:0,(anonymous_178)
FNDA:0,(anonymous_179)
FNDA:1,(anonymous_180)
FNDA:0,(anonymous_181)
FNDA:0,(anonymous_182)
FNDA:0,(anonymous_183)
FNDA:0,(anonymous_184)
FNDA:0,(anonymous_185)
FNDA:0,(anonymous_186)
FNDA:0,(anonymous_187)
FNDA:0,(anonymous_188)
FNDA:0,(anonymous_189)
FNDA:0,(anonymous_190)
FNDA:0,(anonymous_191)
FNDA:0,(anonymous_192)
FNDA:0,(anonymous_193)
FNDA:0,(anonymous_194)
FNDA:1,(anonymous_195)
FNDA:1,(anonymous_196)
FNDA:1,(anonymous_197)
FNDA:0,(anonymous_198)
FNDA:0,(anonymous_199)
FNDA:0,(anonymous_200)
FNDA:0,(anonymous_201)
FNDA:0,(anonymous_202)
FNDA:0,(anonymous_203)
FNDA:0,(anonymous_204)
FNDA:0,(anonymous_205)
FNDA:0,(anonymous_206)
FNDA:0,(anonymous_207)
FNDA:0,(anonymous_208)
FNDA:0,(anonymous_209)
FNDA:0,(anonymous_210)
FNDA:0,(anonymous_211)
FNDA:0,(anonymous_212)
FNDA:0,(anonymous_213)
FNDA:0,(anonymous_214)
FNDA:0,(anonymous_215)
FNDA:0,(anonymous_216)
FNDA:0,(anonymous_217)
FNDA:0,(anonymous_218)
FNDA:0,(anonymous_219)
FNDA:0,(anonymous_220)
FNDA:0,(anonymous_221)
FNDA:0,(anonymous_222)
FNDA:0,(anonymous_223)
FNDA:0,(anonymous_224)
FNDA:0,(anonymous_225)
FNDA:0,(anonymous_226)
FNDA:0,(anonymous_227)
FNDA:0,(anonymous_228)
FNDA:0,(anonymous_229)
FNDA:0,(anonymous_230)
FNDA:0,(anonymous_231)
FNDA:0,(anonymous_232)
FNDA:0,(anonymous_233)
FNDA:0,(anonymous_234)
FNDA:0,(anonymous_235)
FNDA:0,(anonymous_236)
FNDA:0,(anonymous_237)
FNDA:0,(anonymous_238)
FNDA:0,(anonymous_239)
FNDA:0,(anonymous_240)
FNDA:0,(anonymous_241)
FNDA:0,(anonymous_242)
FNDA:0,(anonymous_243)
FNDA:0,(anonymous_244)
FNDA:0,(anonymous_245)
FNDA:0,(anonymous_246)
FNDA:0,(anonymous_247)
FNDA:0,(anonymous_248)
FNDA:0,(anonymous_249)
FNDA:0,(anonymous_250)
FNDA:0,(anonymous_251)
FNDA:0,(anonymous_252)
FNDA:0,(anonymous_253)
FNDA:0,(anonymous_254)
FNDA:0,(anonymous_255)
FNDA:0,(anonymous_256)
FNDA:0,(anonymous_257)
FNDA:0,(anonymous_258)
FNDA:0,(anonymous_259)
FNDA:0,(anonymous_260)
FNDA:0,(anonymous_261)
FNDA:0,(anonymous_262)
FNDA:0,(anonymous_263)
FNDA:0,(anonymous_264)
FNDA:0,(anonymous_265)
FNDA:0,(anonymous_266)
FNDA:0,ExitStatus
FNDA:1,runCaller
FNDA:2,run
FNDA:1,doRun
FNDA:0,(anonymous_271)
FNDA:0,(anonymous_272)
FNDA:0,checkUnflushedContent
FNDA:0,(anonymous_274)
FNDA:0,exit
FNDA:0,abort
FNDA:0,(anonymous_277)
FNDA:0,(anonymous_278)
DA:1,1
DA:2,1
DA:17,1
DA:28,1
DA:30,1
DA:31,1
DA:32,1
DA:36,1
DA:37,1
DA:38,1
DA:39,0
DA:41,1
DA:42,1
DA:46,1
DA:47,1
DA:48,1
DA:49,1
DA:56,1
DA:57,0
DA:58,0
DA:59,0
DA:60,0
DA:61,0
DA:62,0
DA:63,0
DA:64,0
DA:66,0
DA:69,1
DA:70,1
DA:71,1
DA:72,1
DA:76,1
DA:82,1
DA:84,0
DA:85,0
DA:86,0
DA:87,0
DA:88,0
DA:89,0
DA:91,0
DA:94,1
DA:95,0
DA:96,0
DA:97,0
DA:99,0
DA:100,0
DA:103,1
DA:104,1
DA:107,1
DA:111,1
DA:113,0
DA:114,0
DA:119,1
DA:120,0
DA:121,0
DA:124,1
DA:126,0
DA:127,0
DA:128,0
DA:129,0
DA:130,0
DA:131,0
DA:133,0
DA:137,0
DA:139,0
DA:140,0
DA:141,0
DA:143,0
DA:144,0
DA:146,0
DA:147,0
DA:148,0
DA:151,0
DA:152,0
DA:153,0
DA:154,0
DA:157,0
DA:158,0
DA:159,0
DA:163,0
DA:164,0
DA:165,0
DA:166,0
DA:167,0
DA:168,0
DA:169,0
DA:171,0
DA:172,0
DA:173,0
DA:175,0
DA:179,0
DA:180,0
DA:181,0
DA:182,0
DA:183,0
DA:184,0
DA:185,0
DA:186,0
DA:188,0
DA:189,0
DA:190,0
DA:192,0
DA:197,0
DA:198,0
DA:199,0
DA:200,0
DA:201,0
DA:202,0
DA:203,0
DA:204,0
DA:206,0
DA:207,0
DA:208,0
DA:209,0
DA:211,0
DA:213,0
DA:214,0
DA:217,0
DA:218,0
DA:221,0
DA:225,0
DA:230,1
DA:231,1
DA:236,1
DA:237,1
DA:240,1
DA:241,1
DA:242,1
DA:247,1
DA:253,1
DA:257,1
DA:258,0
DA:262,2
DA:263,2
DA:264,2
DA:265,2
DA:269,0
DA:270,0
DA:271,0
DA:272,0
DA:273,0
DA:274,0
DA:275,0
DA:276,0
DA:277,0
DA:280,0
DA:284,2
DA:285,2
DA:286,2
DA:290,0
DA:291,0
DA:292,0
DA:293,0
DA:294,0
DA:295,0
DA:296,0
DA:298,0
DA:299,0
DA:300,0
DA:301,0
DA:302,0
DA:303,0
DA:305,0
DA:312,0
DA:313,0
DA:314,0
DA:315,0
DA:321,1
DA:324,0
DA:325,0
DA:326,0
DA:327,0
DA:330,0
DA:334,0
DA:337,1
DA:340,0
DA:341,0
DA:342,0
DA:343,0
DA:345,0
DA:346,0
DA:348,0
DA:349,0
DA:350,0
DA:352,0
DA:353,0
DA:354,0
DA:358,0
DA:359,0
DA:363,0
DA:368,0
DA:372,0
DA:373,0
DA:374,0
DA:375,0
DA:377,0
DA:378,0
DA:379,0
DA:385,0
DA:388,1
DA:394,0
DA:395,0
DA:396,0
DA:403,1
DA:423,1
DA:424,1
DA:428,2699
DA:429,0
DA:433,1
DA:437,2
DA:438,2
DA:439,2
DA:442,1
DA:447,0
DA:450,0
DA:454,0
DA:455,0
DA:456,0
DA:459,1
DA:460,1
DA:462,1
DA:463,1
DA:464,1
DA:466,1
DA:470,1
DA:474,1
DA:475,1
DA:476,1
DA:477,1
DA:478,1
DA:479,1
DA:480,2
DA:481,2
DA:482,1
DA:483,1
DA:485,1
DA:489,1
DA:490,1
DA:491,1
DA:492,1
DA:494,1
DA:498,1
DA:499,1
DA:502,1
DA:503,1
DA:504,1
DA:505,0
DA:507,1
DA:508,1
DA:514,0
DA:515,0
DA:516,0
DA:517,0
DA:518,0
DA:519,0
DA:520,0
DA:521,0
DA:522,0
DA:523,0
DA:524,0
DA:530,0
DA:531,0
DA:532,0
DA:533,0
DA:534,0
DA:535,0
DA:536,0
DA:537,0
DA:538,0
DA:539,0
DA:540,0
DA:542,0
DA:545,1
DA:546,1
DA:547,1
DA:548,1
DA:549,1
DA:567,1
DA:568,0
DA:569,0
DA:571,1
DA:572,1
DA:575,1
DA:578,1
DA:579,0
DA:581,1
DA:584,1
DA:586,0
DA:587,0
DA:588,0
DA:589,0
DA:590,0
DA:592,0
DA:593,0
DA:594,0
DA:596,0
DA:599,1
DA:600,1
DA:601,1
DA:603,0
DA:605,1
DA:608,0
DA:609,0
DA:610,0
DA:612,0
DA:613,0
DA:614,0
DA:615,0
DA:617,0
DA:619,0
DA:621,0
DA:624,0
DA:625,0
DA:626,0
DA:628,0
DA:631,0
DA:636,0
DA:637,0
DA:638,0
DA:643,1
DA:646,1
DA:648,1
DA:649,1
DA:650,2674
DA:651,2674
DA:652,2674
DA:653,2674
DA:654,2673
DA:655,2673
DA:657,1
DA:659,1
DA:661,1
DA:662,1
DA:664,1
DA:665,3
DA:666,3
DA:667,3
DA:668,3
DA:670,1
DA:672,0
DA:679,0
DA:680,0
DA:681,0
DA:682,0
DA:683,0
DA:691,0
DA:697,1
DA:699,0
DA:702,0
DA:704,0
DA:705,0
DA:709,0
DA:710,0
DA:712,0
DA:713,0
DA:714,0
DA:715,0
DA:716,0
DA:717,0
DA:718,0
DA:719,0
DA:721,0
DA:722,0
DA:723,0
DA:725,0
DA:726,0
DA:727,0
DA:729,0
DA:730,0
DA:734,0
DA:735,0
DA:737,0
DA:738,0
DA:748,0
DA:764,1
DA:765,0
DA:767,1
DA:768,1
DA:769,1
DA:773,2673
DA:774,2673
DA:775,2673
DA:776,2673
DA:777,2673
DA:778,0
DA:779,0
DA:780,0
DA:781,0
DA:782,0
DA:783,0
DA:784,0
DA:785,0
DA:786,0
DA:787,0
DA:788,0
DA:789,0
DA:790,0
DA:791,0
DA:792,0
DA:793,0
DA:794,0
DA:795,0
DA:796,0
DA:797,0
DA:798,0
DA:799,0
DA:801,0
DA:802,0
DA:803,0
DA:804,0
DA:805,0
DA:806,0
DA:807,0
DA:811,1
DA:812,1
DA:821,1
DA:822,1
DA:828,0
DA:829,0
DA:832,0
DA:833,0
DA:834,0
DA:835,0
DA:836,0
DA:837,0
DA:838,0
DA:839,0
DA:840,0
DA:841,0
DA:842,0
DA:843,0
DA:845,0
DA:848,0
DA:854,1
DA:856,0
DA:857,0
DA:860,0
DA:861,0
DA:862,0
DA:864,0
DA:865,0
DA:867,0
DA:869,0
DA:870,0
DA:871,0
DA:872,0
DA:873,0
DA:875,0
DA:892,0
DA:893,0
DA:895,0
DA:896,0
DA:898,0
DA:899,0
DA:900,0
DA:901,0
DA:902,0
DA:904,0
DA:905,0
DA:906,0
DA:909,0
DA:910,0
DA:916,0
DA:920,0
DA:921,0
DA:923,0
DA:924,0
DA:925,0
DA:926,0
DA:927,0
DA:928,0
DA:931,0
DA:932,0
DA:933,0
DA:935,0
DA:952,0
DA:953,0
DA:955,0
DA:956,0
DA:958,0
DA:959,0
DA:960,0
DA:961,0
DA:964,0
DA:965,0
DA:966,0
DA:967,0
DA:969,0
DA:970,0
DA:971,0
DA:974,0
DA:975,0
DA:981,0
DA:982,0
DA:985,0
DA:986,0
DA:987,0
DA:990,0
DA:996,0
DA:997,0
DA:998,0
DA:999,0
DA:1004,0
DA:1005,0
DA:1006,0
DA:1007,0
DA:1011,0
DA:1012,0
DA:1017,0
DA:1018,0
DA:1020,0
DA:1021,0
DA:1026,0
DA:1027,0
DA:1030,0
DA:1031,0
DA:1033,0
DA:1035,0
DA:1036,0
DA:1039,0
DA:1043,0
DA:1044,0
DA:1045,0
DA:1050,1
DA:1051,1
DA:1052,1
DA:1053,1
DA:1056,0
DA:1057,0
DA:1059,0
DA:1083,0
DA:1087,1
DA:1088,1
DA:1089,1
DA:1090,1
DA:1091,1
DA:1092,1
DA:1093,1
DA:1094,1
DA:1101,1
DA:1102,1
DA:1107,1
DA:1108,1
DA:1109,1
DA:1113,4
DA:1114,0
DA:1117,4
DA:1121,0
DA:1125,0
DA:1130,0
DA:1134,1
DA:1135,1
DA:1136,1
DA:1140,1
DA:1146,1
DA:1147,0
DA:1148,0
DA:1151,1
DA:1152,1
DA:1153,1
DA:1154,1
DA:1157,0
DA:1159,1
DA:1160,1
DA:1162,1
DA:1166,3
DA:1170,1
DA:1171,1
DA:1172,1
DA:1175,4
DA:1176,0
DA:1177,0
DA:1178,0
DA:1179,0
DA:1181,0
DA:1182,0
DA:1183,0
DA:1184,0
DA:1186,0
DA:1189,0
DA:1194,1
DA:1195,1
DA:1196,1
DA:1197,1
DA:1198,1
DA:1200,1
DA:1201,1
DA:1206,1
DA:1207,1
DA:1208,1
DA:1209,0
DA:1212,1
DA:1216,1
DA:1217,1
DA:1218,1
DA:1219,1
DA:1223,1
DA:1224,1
DA:1228,0
DA:1229,0
DA:1230,0
DA:1234,1
DA:1236,1
DA:1237,1
DA:1238,1
DA:1239,0
DA:1242,1
DA:1246,0
DA:1250,0
DA:1254,0
DA:1258,0
DA:1262,0
DA:1271,0
DA:1274,0
DA:1278,0
DA:1279,0
DA:1281,0
DA:1282,0
DA:1286,0
DA:1287,0
DA:1291,0
DA:1292,0
DA:1293,0
DA:1296,0
DA:1300,0
DA:1301,0
DA:1303,0
DA:1307,0
DA:1308,0
DA:1310,0
DA:1312,0
DA:1315,0
DA:1317,0
DA:1320,1
DA:1322,1
DA:1323,1
DA:1324,1
DA:1325,1
DA:1326,1
DA:1327,1
DA:1328,1
DA:1329,1
DA:1330,1
DA:1331,1
DA:1332,1
DA:1333,1
DA:1334,1
DA:1335,1
DA:1336,1
DA:1337,1
DA:1338,1
DA:1339,1
DA:1340,1
DA:1341,1
DA:1342,1
DA:1351,1
DA:1352,1
DA:1353,1
DA:1354,1
DA:1357,0
DA:1358,0
DA:1359,0
DA:1360,0
DA:1362,0
DA:1366,1
DA:1367,1
DA:1368,0
DA:1370,1
DA:1371,1
DA:1372,1
DA:1373,1
DA:1375,1
DA:1376,0
DA:1377,0
DA:1378,0
DA:1379,0
DA:1381,0
DA:1382,0
DA:1383,0
DA:1384,0
DA:1385,0
DA:1387,0
DA:1389,0
DA:1390,0
DA:1395,0
DA:1400,1
DA:1401,1
DA:1402,0
DA:1404,1
DA:1405,1
DA:1406,1
DA:1408,0
DA:1410,1
DA:1411,1
DA:1412,1
DA:1413,1
DA:1415,1
DA:1416,1
DA:1417,1
DA:1418,1
DA:1423,1
DA:1424,1
DA:1428,1
DA:1432,1
DA:1434,0
DA:1436,0
DA:1437,0
DA:1438,0
DA:1439,0
DA:1440,0
DA:1441,0
DA:1442,0
DA:1443,0
DA:1444,0
DA:1446,0
DA:1448,1
DA:1449,1
DA:1454,1
DA:1458,1
DA:1480,1
DA:1482,1
DA:1483,1
DA:1484,1
DA:1486,1
DA:1487,0
DA:1488,0
DA:1490,0
DA:1491,0
DA:1493,0
DA:1494,0
DA:1500,1
DA:1502,1
DA:1507,0
DA:1510,0
DA:1516,1
DA:1524,0
DA:1525,0
DA:1526,0
DA:1528,0
DA:1529,0
DA:1532,0
DA:1533,0
DA:1534,0
DA:1538,1
DA:1542,1
DA:1543,1
DA:1544,0
DA:1546,1
DA:1547,1
DA:1548,1
DA:1550,0
DA:1551,0
DA:1553,0
DA:1557,0
DA:1564,1
DA:1565,0
DA:1566,0
DA:1567,0
DA:1569,0
DA:1571,0
DA:1575,1
DA:1576,1
DA:1584,1
DA:1585,0
DA:1586,0
DA:1589,1
DA:1590,0
DA:1591,0
DA:1593,1
DA:1595,1
DA:1599,1
DA:1600,1
DA:1604,1
DA:1605,1
DA:1606,1
DA:1607,1
DA:1608,1
DA:1610,1
DA:1615,1
DA:1616,0
DA:1617,0
DA:1619,0
DA:1620,0
DA:1627,1
DA:1631,1
DA:1632,1
DA:1633,1
DA:1636,1
DA:1637,1
DA:1639,0
DA:1640,0
DA:1644,1
DA:1648,0
DA:1653,0
DA:1654,0
DA:1655,0
DA:1658,1
DA:1660,1
DA:1665,1
DA:1669,1
DA:1671,1
DA:1672,0
DA:1673,0
DA:1674,0
DA:1675,0
DA:1676,0
DA:1678,0
DA:1679,0
DA:1680,0
DA:1682,0
DA:1684,0
DA:1687,0
DA:1688,0
DA:1693,1
DA:1694,0
DA:1695,0
DA:1697,0
DA:1702,1
DA:1708,1
DA:1709,1
DA:1712,1
DA:1713,1
DA:1714,1
DA:1715,1
DA:1716,1
DA:1717,1
DA:1718,1
DA:1720,0
DA:1723,0
DA:1725,1
DA:1728,1
DA:1729,1
DA:1731,1
DA:1732,1
DA:1738,1
DA:1740,1
DA:1743,1
DA:1746,1
DA:1749,1
DA:1753,1
DA:1758,1
DA:1760,1
DA:1761,1
DA:1769,1
DA:1770,1
DA:1771,1
DA:1774,1
DA:1776,1
DA:1780,0
DA:1782,0
DA:1784,0
DA:1786,0
DA:1792,0
DA:1794,0
DA:1796,0
DA:1798,0
DA:1800,0
DA:1802,0
DA:1804,0
DA:1806,0
DA:1816,1
DA:1817,0
DA:1818,0
DA:1819,0
DA:1821,0
DA:1822,0
DA:1824,0
DA:1825,0
DA:1826,0
DA:1827,0
DA:1829,0
DA:1830,0
DA:1831,0
DA:1833,0
DA:1835,0
DA:1836,0
DA:1837,0
DA:1838,0
DA:1839,0
DA:1841,0
DA:1842,0
DA:1849,0
DA:1850,0
DA:1851,0
DA:1852,0
DA:1853,0
DA:1854,0
DA:1855,0
DA:1856,0
DA:1857,0
DA:1860,0
DA:1861,0
DA:1862,0
DA:1863,0
DA:1864,0
DA:1865,0
DA:1866,0
DA:1867,0
DA:1868,0
DA:1869,0
DA:1871,0
DA:1875,0
DA:1876,0
DA:1877,0
DA:1878,0
DA:1879,0
DA:1881,0
DA:1883,0
DA:1885,0
DA:1886,0
DA:1890,0
DA:1891,0
DA:1893,0
DA:1895,0
DA:1896,0
DA:1900,0
DA:1901,0
DA:1903,0
DA:1904,0
DA:1905,0
DA:1907,0
DA:1908,0
DA:1915,1
DA:1921,1
DA:1922,0
DA:1923,0
DA:1924,0
DA:1925,0
DA:1926,0
DA:1927,0
DA:1928,0
DA:1929,0
DA:1930,0
DA:1932,0
DA:1933,0
DA:1934,0
DA:1938,0
DA:1939,0
DA:1940,0
DA:1941,0
DA:1945,0
DA:1946,0
DA:1947,0
DA:1949,0
DA:1950,0
DA:1955,0
DA:1956,0
DA:1962,0
DA:1975,0
DA:1976,0
DA:1977,0
DA:1981,1
DA:1984,0
DA:1985,0
DA:1987,0
DA:1988,0
DA:1989,0
DA:2030,0
DA:2032,0
DA:2065,0
DA:2081,0
DA:2087,0
DA:2091,0
DA:2095,0
DA:2098,0
DA:2101,0
DA:2104,0
DA:2105,0
DA:2106,0
DA:2107,0
DA:2108,0
DA:2109,0
DA:2110,0
DA:2111,0
DA:2112,0
DA:2113,0
DA:2114,0
DA:2115,0
DA:2116,0
DA:2117,0
DA:2118,0
DA:2119,0
DA:2121,0
DA:2122,0
DA:2125,0
DA:2126,0
DA:2128,1
DA:2130,1
DA:2132,1
DA:2134,1
DA:2136,1
DA:2138,1
DA:2140,1
DA:2142,1
DA:2146,0
DA:2147,0
DA:2148,0
DA:2149,0
DA:2150,0
DA:2154,0
DA:2155,0
DA:2156,0
DA:2157,0
DA:2158,0
DA:2159,0
DA:2161,0
DA:2163,0
DA:2165,0
DA:2179,1
DA:2180,0
DA:2182,0
DA:2185,0
DA:2187,0
DA:2188,0
DA:2189,0
DA:2190,0
DA:2191,0
DA:2192,0
DA:2194,0
DA:2195,0
DA:2196,0
DA:2198,0
DA:2200,0
DA:2201,0
DA:2203,0
DA:2204,0
DA:2207,0
DA:2213,1
DA:2215,1
DA:2216,1
DA:2218,0
DA:2220,1
DA:2223,0
DA:2224,0
DA:2225,0
DA:2226,0
DA:2227,0
DA:2229,0
DA:2231,0
DA:2238,1
DA:2239,0
DA:2242,1
DA:2247,0
DA:2249,0
DA:2251,1
DA:2253,1
DA:2256,0
DA:2257,0
DA:2259,0
DA:2260,0
DA:2265,0
DA:2266,0
DA:2268,0
DA:2269,0
DA:2273,1
DA:2275,1
DA:2277,1
DA:2280,1
DA:2281,0
DA:2282,0
DA:2283,0
DA:2286,1
DA:2287,0
DA:2288,0
DA:2289,0
DA:2292,1
DA:2293,0
DA:2294,0
DA:2295,0
DA:2298,1
DA:2299,0
DA:2300,0
DA:2301,0
DA:2304,1
DA:2305,0
DA:2306,0
DA:2307,0
DA:2310,1
DA:2311,0
DA:2312,0
DA:2313,0
DA:2316,1
DA:2317,0
DA:2318,0
DA:2319,0
DA:2322,1
DA:2323,0
DA:2324,0
DA:2325,0
DA:2328,1
DA:2329,0
DA:2330,0
DA:2331,0
DA:2334,1
DA:2335,0
DA:2336,0
DA:2337,0
DA:2340,1
DA:2341,0
DA:2342,0
DA:2343,0
DA:2346,1
DA:2347,0
DA:2348,0
DA:2349,0
DA:2352,1
DA:2353,0
DA:2354,0
DA:2355,0
DA:2358,1
DA:2359,0
DA:2360,0
DA:2361,0
DA:2364,1
DA:2365,0
DA:2366,0
DA:2367,0
DA:2370,1
DA:2371,0
DA:2372,0
DA:2373,0
DA:2375,1
DA:2376,1
DA:2377,0
DA:2378,0
DA:2379,0
DA:2380,1
DA:2381,1
DA:2382,1
DA:2383,1
DA:2384,1
DA:2385,0
DA:2386,0
DA:2387,0
DA:2388,1
DA:2389,0
DA:2390,0
DA:2391,0
DA:2392,1
DA:2393,0
DA:2394,0
DA:2395,0
DA:2396,1
DA:2397,0
DA:2398,0
DA:2399,0
DA:2400,1
DA:2401,0
DA:2402,0
DA:2403,0
DA:2404,1
DA:2405,0
DA:2406,0
DA:2407,0
DA:2408,1
DA:2409,0
DA:2410,0
DA:2411,0
DA:2412,1
DA:2413,0
DA:2414,0
DA:2415,0
DA:2416,1
DA:2417,0
DA:2418,0
DA:2419,0
DA:2420,1
DA:2421,0
DA:2422,0
DA:2423,0
DA:2424,1
DA:2425,0
DA:2426,0
DA:2427,0
DA:2428,1
DA:2429,0
DA:2430,0
DA:2431,0
DA:2432,1
DA:2433,0
DA:2434,0
DA:2435,0
DA:2436,1
DA:2437,0
DA:2438,0
DA:2439,0
DA:2440,1
DA:2441,1
DA:2442,1
DA:2443,1
DA:2444,1
DA:2445,1
DA:2446,1
DA:2447,1
DA:2448,1
DA:2449,1
DA:2450,1
DA:2451,1
DA:2452,1
DA:2453,0
DA:2454,0
DA:2455,0
DA:2456,1
DA:2457,0
DA:2458,0
DA:2459,0
DA:2466,1
DA:2468,1
DA:2469,1
DA:2470,1
DA:2471,1
DA:2472,1
DA:2473,1
DA:2474,1
DA:2475,1
DA:2476,1
DA:2477,1
DA:2478,1
DA:2479,1
DA:2480,1
DA:2481,1
DA:2482,1
DA:2483,1
DA:2484,1
DA:2485,1
DA:2486,1
DA:2487,1
DA:2488,1
DA:2489,1
DA:2490,1
DA:2491,1
DA:2492,1
DA:2493,1
DA:2494,1
DA:2495,1
DA:2496,1
DA:2497,1
DA:2498,1
DA:2499,1
DA:2500,1
DA:2501,1
DA:2502,1
DA:2503,1
DA:2504,1
DA:2505,1
DA:2506,1
DA:2507,1
DA:2508,1
DA:2509,1
DA:2510,1
DA:2511,1
DA:2512,1
DA:2513,1
DA:2514,1
DA:2515,1
DA:2516,1
DA:2517,1
DA:2518,1
DA:2519,1
DA:2520,1
DA:2521,1
DA:2522,1
DA:2523,1
DA:2524,1
DA:2525,1
DA:2526,1
DA:2527,1
DA:2528,1
DA:2529,1
DA:2530,1
DA:2531,1
DA:2532,1
DA:2533,1
DA:2543,1
DA:2546,0
DA:2547,0
DA:2551,0
DA:2552,0
DA:2553,0
DA:2554,0
DA:2557,0
DA:2566,0
DA:2567,0
DA:2568,0
DA:2570,1
DA:2571,1
DA:2574,1
DA:2576,1
DA:2578,1
DA:2579,1
DA:2588,2
DA:2590,2
DA:2591,1
DA:2594,1
DA:2596,1
DA:2598,1
DA:2599,1
DA:2602,1
DA:2603,1
DA:2605,1
DA:2607,1
DA:2609,1
DA:2611,1
DA:2613,1
DA:2615,1
DA:2618,1
DA:2619,0
DA:2620,0
DA:2621,0
DA:2622,0
DA:2624,0
DA:2627,1
DA:2629,1
DA:2631,1
DA:2645,0
DA:2646,0
DA:2647,0
DA:2648,0
DA:2649,0
DA:2651,0
DA:2652,0
DA:2653,0
DA:2655,0
DA:2656,0
DA:2657,0
DA:2658,0
DA:2663,0
DA:2669,0
DA:2670,0
DA:2673,0
DA:2675,0
DA:2676,0
DA:2680,0
DA:2681,0
DA:2682,0
DA:2684,0
DA:2686,0
DA:2689,0
DA:2690,0
DA:2692,0
DA:2694,1
DA:2696,1
DA:2699,0
DA:2700,0
DA:2703,0
DA:2704,0
DA:2705,0
DA:2706,0
DA:2708,0
DA:2711,0
DA:2712,0
DA:2714,0
DA:2715,0
DA:2716,0
DA:2717,0
DA:2718,0
DA:2721,0
DA:2723,1
DA:2727,1
DA:2728,0
DA:2729,0
DA:2730,0
DA:2735,1
DA:2737,1
DA:2751,1
DA:2753,1
DA:2754,1
DA:2755,0
DA:2756,0
DA:2757,0
DA:2758,0
LF:1371
LH:500
BRDA:2,0,0,1
BRDA:2,0,1,0
BRDA:17,1,0,1
BRDA:17,1,1,0
BRDA:31,2,0,1
BRDA:31,2,1,0
BRDA:56,3,0,0
BRDA:56,3,1,1
BRDA:57,4,0,0
BRDA:57,4,1,0
BRDA:59,5,0,0
BRDA:59,5,1,0
BRDA:61,6,0,0
BRDA:61,6,1,0
BRDA:63,7,0,0
BRDA:63,7,1,0
BRDA:71,8,0,1
BRDA:71,8,1,1
BRDA:71,8,2,1
BRDA:71,8,3,1
BRDA:72,9,0,1
BRDA:72,9,1,1
BRDA:72,9,2,0
BRDA:76,10,0,1
BRDA:76,10,1,0
BRDA:85,11,0,0
BRDA:85,11,1,0
BRDA:86,12,0,0
BRDA:86,12,1,0
BRDA:87,13,0,0
BRDA:87,13,1,0
BRDA:91,14,0,0
BRDA:91,14,1,0
BRDA:96,15,0,0
BRDA:96,15,1,0
BRDA:103,16,0,1
BRDA:103,16,1,0
BRDA:113,17,0,0
BRDA:113,17,1,0
BRDA:126,18,0,0
BRDA:126,18,1,0
BRDA:127,19,0,0
BRDA:127,19,1,0
BRDA:130,20,0,0
BRDA:130,20,1,0
BRDA:140,21,0,0
BRDA:140,21,1,0
BRDA:143,22,0,0
BRDA:143,22,1,0
BRDA:151,23,0,0
BRDA:151,23,1,0
BRDA:153,24,0,0
BRDA:153,24,1,0
BRDA:157,25,0,0
BRDA:157,25,1,0
BRDA:163,26,0,0
BRDA:163,26,1,0
BRDA:163,27,0,0
BRDA:163,27,1,0
BRDA:172,28,0,0
BRDA:172,28,1,0
BRDA:179,29,0,0
BRDA:179,29,1,0
BRDA:189,30,0,0
BRDA:189,30,1,0
BRDA:202,31,0,0
BRDA:202,31,1,0
BRDA:202,32,0,0
BRDA:202,32,1,0
BRDA:202,32,2,0
BRDA:207,33,0,0
BRDA:207,33,1,0
BRDA:217,34,0,0
BRDA:217,34,1,0
BRDA:230,35,0,1
BRDA:230,35,1,0
BRDA:230,36,0,0
BRDA:230,36,1,0
BRDA:231,37,0,0
BRDA:231,37,1,1
BRDA:231,38,0,1
BRDA:231,38,1,1
BRDA:231,38,2,0
BRDA:241,39,0,1
BRDA:241,39,1,0
BRDA:273,40,0,0
BRDA:273,40,1,0
BRDA:275,41,0,0
BRDA:275,41,1,0
BRDA:284,42,0,2
BRDA:284,42,1,0
BRDA:290,43,0,0
BRDA:290,43,1,0
BRDA:290,43,2,0
BRDA:290,43,3,0
BRDA:290,43,4,0
BRDA:290,43,5,0
BRDA:290,43,6,0
BRDA:290,43,7,0
BRDA:298,44,0,0
BRDA:298,44,1,0
BRDA:300,45,0,0
BRDA:300,45,1,0
BRDA:312,46,0,0
BRDA:312,46,1,0
BRDA:313,47,0,0
BRDA:313,47,1,0
BRDA:325,48,0,0
BRDA:325,48,1,0
BRDA:340,49,0,0
BRDA:340,49,1,0
BRDA:342,50,0,0
BRDA:342,50,1,0
BRDA:346,51,0,0
BRDA:346,51,1,0
BRDA:348,52,0,0
BRDA:348,52,1,0
BRDA:352,53,0,0
BRDA:352,53,1,0
BRDA:368,54,0,0
BRDA:368,54,1,0
BRDA:372,55,0,0
BRDA:372,55,1,0
BRDA:372,56,0,0
BRDA:372,56,1,0
BRDA:428,57,0,0
BRDA:428,57,1,2699
BRDA:460,58,0,1
BRDA:460,58,1,0
BRDA:460,59,0,1
BRDA:460,59,1,1
BRDA:460,59,2,1
BRDA:478,60,0,1
BRDA:478,60,1,0
BRDA:481,61,0,1
BRDA:481,61,1,1
BRDA:482,62,0,1
BRDA:482,62,1,0
BRDA:490,63,0,1
BRDA:490,63,1,0
BRDA:491,64,0,1
BRDA:491,64,1,0
BRDA:498,65,0,1
BRDA:498,65,1,0
BRDA:504,66,0,0
BRDA:504,66,1,1
BRDA:504,67,0,1
BRDA:504,67,1,0
BRDA:514,68,0,0
BRDA:514,68,1,0
BRDA:515,69,0,0
BRDA:515,69,1,0
BRDA:516,70,0,0
BRDA:516,70,1,0
BRDA:516,70,2,0
BRDA:516,70,3,0
BRDA:516,70,4,0
BRDA:516,70,5,0
BRDA:516,70,6,0
BRDA:516,70,7,0
BRDA:521,71,0,0
BRDA:521,71,1,0
BRDA:521,72,0,0
BRDA:521,72,1,0
BRDA:530,73,0,0
BRDA:530,73,1,0
BRDA:531,74,0,0
BRDA:531,74,1,0
BRDA:532,75,0,0
BRDA:532,75,1,0
BRDA:532,75,2,0
BRDA:532,75,3,0
BRDA:532,75,4,0
BRDA:532,75,5,0
BRDA:532,75,6,0
BRDA:532,75,7,0
BRDA:567,76,0,0
BRDA:567,76,1,1
BRDA:575,77,0,1
BRDA:575,77,1,0
BRDA:578,78,0,0
BRDA:578,78,1,1
BRDA:581,79,0,0
BRDA:581,79,1,1
BRDA:581,80,0,0
BRDA:581,80,1,1
BRDA:581,81,0,1
BRDA:581,81,1,0
BRDA:584,82,0,0
BRDA:584,82,1,1
BRDA:599,83,0,1
BRDA:599,83,1,0
BRDA:600,84,0,1
BRDA:600,84,1,0
BRDA:600,85,0,1
BRDA:600,85,1,1
BRDA:612,86,0,0
BRDA:612,86,1,0
BRDA:613,87,0,0
BRDA:613,87,1,0
BRDA:619,88,0,0
BRDA:619,88,1,0
BRDA:624,89,0,0
BRDA:624,89,1,0
BRDA:636,90,0,0
BRDA:636,90,1,0
BRDA:637,91,0,0
BRDA:637,91,1,0
BRDA:643,92,0,0
BRDA:643,92,1,1
BRDA:643,93,0,1
BRDA:643,93,1,1
BRDA:653,94,0,1
BRDA:653,94,1,2673
BRDA:653,95,0,2674
BRDA:653,95,1,1
BRDA:655,96,0,0
BRDA:655,96,1,2673
BRDA:655,97,0,2673
BRDA:655,97,1,0
BRDA:657,98,0,1
BRDA:657,98,1,0
BRDA:661,99,0,1
BRDA:661,99,1,0
BRDA:666,100,0,2
BRDA:666,100,1,1
BRDA:682,101,0,0
BRDA:682,101,1,0
BRDA:697,102,0,0
BRDA:697,102,1,1
BRDA:704,103,0,0
BRDA:704,103,1,0
BRDA:704,104,0,0
BRDA:704,104,1,0
BRDA:704,104,2,0
BRDA:713,105,0,0
BRDA:713,105,1,0
BRDA:714,106,0,0
BRDA:714,106,1,0
BRDA:716,107,0,0
BRDA:716,107,1,0
BRDA:718,108,0,0
BRDA:718,108,1,0
BRDA:722,109,0,0
BRDA:722,109,1,0
BRDA:726,110,0,0
BRDA:726,110,1,0
BRDA:734,111,0,0
BRDA:734,111,1,0
BRDA:764,112,0,0
BRDA:764,112,1,1
BRDA:774,113,0,0
BRDA:774,113,1,2673
BRDA:774,114,0,2673
BRDA:774,114,1,0
BRDA:775,115,0,2673
BRDA:775,115,1,0
BRDA:776,116,0,0
BRDA:776,116,1,2673
BRDA:778,117,0,0
BRDA:778,117,1,0
BRDA:779,118,0,0
BRDA:779,118,1,0
BRDA:782,119,0,0
BRDA:782,119,1,0
BRDA:783,120,0,0
BRDA:783,120,1,0
BRDA:787,121,0,0
BRDA:787,121,1,0
BRDA:788,122,0,0
BRDA:788,122,1,0
BRDA:793,123,0,0
BRDA:793,123,1,0
BRDA:794,124,0,0
BRDA:794,124,1,0
BRDA:801,125,0,0
BRDA:801,125,1,0
BRDA:833,126,0,0
BRDA:833,126,1,0
BRDA:833,127,0,0
BRDA:833,127,1,0
BRDA:834,128,0,0
BRDA:834,128,1,0
BRDA:836,129,0,0
BRDA:836,129,1,0
BRDA:838,130,0,0
BRDA:838,130,1,0
BRDA:840,131,0,0
BRDA:840,131,1,0
BRDA:842,132,0,0
BRDA:842,132,1,0
BRDA:854,133,0,0
BRDA:854,133,1,1
BRDA:864,134,0,0
BRDA:864,134,1,0
BRDA:864,135,0,0
BRDA:864,135,1,0
BRDA:872,136,0,0
BRDA:872,136,1,0
BRDA:895,137,0,0
BRDA:895,137,1,0
BRDA:898,138,0,0
BRDA:898,138,1,0
BRDA:901,139,0,0
BRDA:901,139,1,0
BRDA:926,140,0,0
BRDA:926,140,1,0
BRDA:931,141,0,0
BRDA:931,141,1,0
BRDA:955,142,0,0
BRDA:955,142,1,0
BRDA:958,143,0,0
BRDA:958,143,1,0
BRDA:965,144,0,0
BRDA:965,144,1,0
BRDA:965,145,0,0
BRDA:965,145,1,0
BRDA:971,146,0,0
BRDA:971,146,1,0
BRDA:986,147,0,0
BRDA:986,147,1,0
BRDA:986,148,0,0
BRDA:986,148,1,0
BRDA:998,149,0,0
BRDA:998,149,1,0
BRDA:1021,150,0,0
BRDA:1021,150,1,0
BRDA:1027,151,0,0
BRDA:1027,151,1,0
BRDA:1035,152,0,0
BRDA:1035,152,1,0
BRDA:1044,153,0,0
BRDA:1044,153,1,0
BRDA:1056,154,0,0
BRDA:1056,154,1,0
BRDA:1113,155,0,0
BRDA:1113,155,1,4
BRDA:1113,156,0,4
BRDA:1113,156,1,4
BRDA:1117,157,0,0
BRDA:1117,157,1,4
BRDA:1134,158,0,1
BRDA:1134,158,1,1
BRDA:1135,159,0,1
BRDA:1135,159,1,1
BRDA:1136,160,0,0
BRDA:1136,160,1,1
BRDA:1140,161,0,1
BRDA:1140,161,1,1
BRDA:1140,161,2,1
BRDA:1140,161,3,1
BRDA:1146,162,0,0
BRDA:1146,162,1,1
BRDA:1151,163,0,1
BRDA:1151,163,1,0
BRDA:1151,164,0,1
BRDA:1151,164,1,1
BRDA:1172,165,0,0
BRDA:1172,165,1,1
BRDA:1172,166,0,1
BRDA:1172,166,1,1
BRDA:1177,167,0,0
BRDA:1177,167,1,0
BRDA:1182,168,0,0
BRDA:1182,168,1,0
BRDA:1183,169,0,0
BRDA:1183,169,1,0
BRDA:1189,170,0,0
BRDA:1189,170,1,0
BRDA:1206,171,0,1
BRDA:1206,171,1,0
BRDA:1207,172,0,0
BRDA:1207,172,1,1
BRDA:1217,173,0,0
BRDA:1217,173,1,1
BRDA:1236,174,0,1
BRDA:1236,174,1,0
BRDA:1237,175,0,0
BRDA:1237,175,1,1
BRDA:1274,176,0,0
BRDA:1274,176,1,0
BRDA:1282,177,0,0
BRDA:1282,177,1,0
BRDA:1296,178,0,0
BRDA:1296,178,1,0
BRDA:1300,179,0,0
BRDA:1300,179,1,0
BRDA:1303,180,0,0
BRDA:1303,180,1,0
BRDA:1307,181,0,0
BRDA:1307,181,1,0
BRDA:1310,182,0,0
BRDA:1310,182,1,0
BRDA:1312,183,0,0
BRDA:1312,183,1,0
BRDA:1312,184,0,0
BRDA:1312,184,1,0
BRDA:1312,184,2,0
BRDA:1320,185,0,1
BRDA:1320,185,1,1
BRDA:1320,185,2,1
BRDA:1320,185,3,1
BRDA:1359,186,0,0
BRDA:1359,186,1,0
BRDA:1367,187,0,0
BRDA:1367,187,1,1
BRDA:1370,188,0,1
BRDA:1370,188,1,0
BRDA:1373,189,0,1
BRDA:1373,189,1,0
BRDA:1373,190,0,1
BRDA:1373,190,1,1
BRDA:1376,191,0,0
BRDA:1376,191,1,0
BRDA:1383,192,0,0
BRDA:1383,192,1,0
BRDA:1389,193,0,0
BRDA:1389,193,1,0
BRDA:1401,194,0,0
BRDA:1401,194,1,1
BRDA:1404,195,0,1
BRDA:1404,195,1,0
BRDA:1410,196,0,1
BRDA:1410,196,1,0
BRDA:1411,197,0,1
BRDA:1411,197,1,0
BRDA:1415,198,0,1
BRDA:1415,198,1,0
BRDA:1458,199,0,1
BRDA:1458,199,1,0
BRDA:1486,200,0,0
BRDA:1486,200,1,1
BRDA:1487,201,0,0
BRDA:1487,201,1,0
BRDA:1490,202,0,0
BRDA:1490,202,1,0
BRDA:1493,203,0,0
BRDA:1493,203,1,0
BRDA:1525,204,0,0
BRDA:1525,204,1,0
BRDA:1543,205,0,0
BRDA:1543,205,1,1
BRDA:1547,206,0,1
BRDA:1547,206,1,0
BRDA:1550,207,0,0
BRDA:1550,207,1,0
BRDA:1564,208,0,0
BRDA:1564,208,1,1
BRDA:1564,209,0,1
BRDA:1564,209,1,1
BRDA:1564,209,2,1
BRDA:1564,209,3,0
BRDA:1566,210,0,0
BRDA:1566,210,1,0
BRDA:1584,211,0,0
BRDA:1584,211,1,1
BRDA:1589,212,0,0
BRDA:1589,212,1,1
BRDA:1605,213,0,0
BRDA:1605,213,1,1
BRDA:1615,214,0,0
BRDA:1615,214,1,1
BRDA:1644,215,0,0
BRDA:1644,215,1,1
BRDA:1644,216,0,1
BRDA:1644,216,1,1
BRDA:1644,216,2,0
BRDA:1644,216,3,0
BRDA:1672,217,0,0
BRDA:1672,217,1,0
BRDA:1676,218,0,0
BRDA:1676,218,1,0
BRDA:1680,219,0,0
BRDA:1680,219,1,0
BRDA:1694,220,0,0
BRDA:1694,220,1,0
BRDA:1712,221,0,1
BRDA:1712,221,1,0
BRDA:1714,222,0,0
BRDA:1714,222,1,1
BRDA:1716,223,0,1
BRDA:1716,223,1,0
BRDA:1716,224,0,1
BRDA:1716,224,1,1
BRDA:1717,225,0,1
BRDA:1717,225,1,0
BRDA:1728,226,0,1
BRDA:1728,226,1,0
BRDA:1731,227,0,1
BRDA:1731,227,1,0
BRDA:1740,228,0,0
BRDA:1740,228,1,1
BRDA:1825,229,0,0
BRDA:1825,229,1,0
BRDA:1838,230,0,0
BRDA:1838,230,1,0
BRDA:1838,231,0,0
BRDA:1838,231,1,0
BRDA:1838,231,2,0
BRDA:1841,232,0,0
BRDA:1841,232,1,0
BRDA:1841,233,0,0
BRDA:1841,233,1,0
BRDA:1850,234,0,0
BRDA:1850,234,1,0
BRDA:1852,235,0,0
BRDA:1852,235,1,0
BRDA:1854,236,0,0
BRDA:1854,236,1,0
BRDA:1855,237,0,0
BRDA:1855,237,1,0
BRDA:1862,238,0,0
BRDA:1862,238,1,0
BRDA:1867,239,0,0
BRDA:1867,239,1,0
BRDA:1867,240,0,0
BRDA:1867,240,1,0
BRDA:1868,241,0,0
BRDA:1868,241,1,0
BRDA:1885,242,0,0
BRDA:1885,242,1,0
BRDA:1885,243,0,0
BRDA:1885,243,1,0
BRDA:1895,244,0,0
BRDA:1895,244,1,0
BRDA:1895,245,0,0
BRDA:1895,245,1,0
BRDA:1907,246,0,0
BRDA:1907,246,1,0
BRDA:1907,247,0,0
BRDA:1907,247,1,0
BRDA:1925,248,0,0
BRDA:1925,248,1,0
BRDA:1927,249,0,0
BRDA:1927,249,1,0
BRDA:1929,250,0,0
BRDA:1929,250,1,0
BRDA:1933,251,0,0
BRDA:1933,251,1,0
BRDA:1946,252,0,0
BRDA:1946,252,1,0
BRDA:1975,253,0,0
BRDA:1975,253,1,0
BRDA:1984,254,0,0
BRDA:1984,254,1,0
BRDA:1984,254,2,0
BRDA:1984,254,3,0
BRDA:1984,254,4,0
BRDA:1984,254,5,0
BRDA:1984,254,6,0
BRDA:1984,254,7,0
BRDA:1984,254,8,0
BRDA:1984,254,9,0
BRDA:1984,254,10,0
BRDA:1984,254,11,0
BRDA:1984,254,12,0
BRDA:1984,254,13,0
BRDA:1984,254,14,0
BRDA:1984,254,15,0
BRDA:1984,254,16,0
BRDA:1984,254,17,0
BRDA:1984,254,18,0
BRDA:1984,254,19,0
BRDA:1984,254,20,0
BRDA:1984,254,21,0
BRDA:1984,254,22,0
BRDA:1984,254,23,0
BRDA:1984,254,24,0
BRDA:1984,254,25,0
BRDA:1984,254,26,0
BRDA:1984,254,27,0
BRDA:1984,254,28,0
BRDA:1984,254,29,0
BRDA:1984,254,30,0
BRDA:1984,254,31,0
BRDA:1984,254,32,0
BRDA:1984,254,33,0
BRDA:1984,254,34,0
BRDA:1984,254,35,0
BRDA:1984,254,36,0
BRDA:1984,254,37,0
BRDA:1984,254,38,0
BRDA:1984,254,39,0
BRDA:1984,254,40,0
BRDA:1984,254,41,0
BRDA:1984,254,42,0
BRDA:1984,254,43,0
BRDA:1984,254,44,0
BRDA:1984,254,45,0
BRDA:1984,254,46,0
BRDA:1984,254,47,0
BRDA:1984,254,48,0
BRDA:1984,254,49,0
BRDA:1984,254,50,0
BRDA:1984,254,51,0
BRDA:1984,254,52,0
BRDA:1984,254,53,0
BRDA:1984,254,54,0
BRDA:1984,254,55,0
BRDA:1984,254,56,0
BRDA:1984,254,57,0
BRDA:1984,254,58,0
BRDA:1984,254,59,0
BRDA:1984,254,60,0
BRDA:1984,254,61,0
BRDA:1984,254,62,0
BRDA:1984,254,63,0
BRDA:1984,254,64,0
BRDA:1984,254,65,0
BRDA:1984,254,66,0
BRDA:1984,254,67,0
BRDA:1984,254,68,0
BRDA:1984,254,69,0
BRDA:1984,254,70,0
BRDA:1984,254,71,0
BRDA:1984,254,72,0
BRDA:1984,254,73,0
BRDA:1984,254,74,0
BRDA:1984,254,75,0
BRDA:1984,254,76,0
BRDA:1984,254,77,0
BRDA:1984,254,78,0
BRDA:1984,254,79,0
BRDA:1984,254,80,0
BRDA:1984,254,81,0
BRDA:1984,254,82,0
BRDA:1984,254,83,0
BRDA:1984,254,84,0
BRDA:1984,254,85,0
BRDA:1984,254,86,0
BRDA:1984,254,87,0
BRDA:1984,254,88,0
BRDA:1984,254,89,0
BRDA:1984,254,90,0
BRDA:1984,254,91,0
BRDA:1984,254,92,0
BRDA:1984,254,93,0
BRDA:1984,254,94,0
BRDA:1984,254,95,0
BRDA:1984,254,96,0
BRDA:1984,254,97,0
BRDA:1984,254,98,0
BRDA:1984,254,99,0
BRDA:1984,254,100,0
BRDA:1984,254,101,0
BRDA:1984,254,102,0
BRDA:1984,254,103,0
BRDA:1984,254,104,0
BRDA:1984,254,105,0
BRDA:1984,254,106,0
BRDA:1984,254,107,0
BRDA:1984,254,108,0
BRDA:1984,254,109,0
BRDA:1984,254,110,0
BRDA:1984,254,111,0
BRDA:1984,254,112,0
BRDA:1984,254,113,0
BRDA:1984,254,114,0
BRDA:1984,254,115,0
BRDA:1984,254,116,0
BRDA:1984,254,117,0
BRDA:1984,254,118,0
BRDA:1984,254,119,0
BRDA:1984,254,120,0
BRDA:1984,254,121,0
BRDA:1984,254,122,0
BRDA:2121,255,0,0
BRDA:2121,255,1,0
BRDA:2121,256,0,0
BRDA:2121,256,1,0
BRDA:2146,257,0,0
BRDA:2146,257,1,0
BRDA:2149,258,0,0
BRDA:2149,258,1,0
BRDA:2157,259,0,0
BRDA:2157,259,1,0
BRDA:2158,260,0,0
BRDA:2158,260,1,0
BRDA:2179,261,0,0
BRDA:2179,261,1,1
BRDA:2200,262,0,0
BRDA:2200,262,1,0
BRDA:2203,263,0,0
BRDA:2203,263,1,0
BRDA:2213,264,0,1
BRDA:2213,264,1,0
BRDA:2213,265,0,1
BRDA:2213,265,1,1
BRDA:2238,266,0,0
BRDA:2238,266,1,1
BRDA:2259,267,0,0
BRDA:2259,267,1,0
BRDA:2259,268,0,0
BRDA:2259,268,1,0
BRDA:2268,269,0,0
BRDA:2268,269,1,0
BRDA:2268,270,0,0
BRDA:2268,270,1,0
BRDA:2468,271,0,1
BRDA:2468,271,1,0
BRDA:2469,272,0,1
BRDA:2469,272,1,0
BRDA:2472,273,0,1
BRDA:2472,273,1,0
BRDA:2473,274,0,1
BRDA:2473,274,1,0
BRDA:2474,275,0,1
BRDA:2474,275,1,0
BRDA:2475,276,0,1
BRDA:2475,276,1,0
BRDA:2476,277,0,1
BRDA:2476,277,1,0
BRDA:2477,278,0,1
BRDA:2477,278,1,0
BRDA:2478,279,0,1
BRDA:2478,279,1,0
BRDA:2479,280,0,1
BRDA:2479,280,1,0
BRDA:2480,281,0,1
BRDA:2480,281,1,0
BRDA:2481,282,0,1
BRDA:2481,282,1,0
BRDA:2482,283,0,1
BRDA:2482,283,1,0
BRDA:2483,284,0,1
BRDA:2483,284,1,0
BRDA:2484,285,0,1
BRDA:2484,285,1,0
BRDA:2485,286,0,1
BRDA:2485,286,1,0
BRDA:2486,287,0,1
BRDA:2486,287,1,0
BRDA:2487,288,0,1
BRDA:2487,288,1,0
BRDA:2488,289,0,1
BRDA:2488,289,1,0
BRDA:2489,290,0,1
BRDA:2489,290,1,0
BRDA:2490,291,0,1
BRDA:2490,291,1,0
BRDA:2491,292,0,1
BRDA:2491,292,1,0
BRDA:2492,293,0,1
BRDA:2492,293,1,0
BRDA:2493,294,0,1
BRDA:2493,294,1,0
BRDA:2494,295,0,1
BRDA:2494,295,1,0
BRDA:2495,296,0,1
BRDA:2495,296,1,0
BRDA:2496,297,0,1
BRDA:2496,297,1,0
BRDA:2497,298,0,1
BRDA:2497,298,1,0
BRDA:2498,299,0,1
BRDA:2498,299,1,0
BRDA:2499,300,0,1
BRDA:2499,300,1,0
BRDA:2500,301,0,1
BRDA:2500,301,1,0
BRDA:2501,302,0,1
BRDA:2501,302,1,0
BRDA:2502,303,0,1
BRDA:2502,303,1,0
BRDA:2503,304,0,1
BRDA:2503,304,1,0
BRDA:2504,305,0,1
BRDA:2504,305,1,0
BRDA:2505,306,0,0
BRDA:2505,306,1,1
BRDA:2506,307,0,0
BRDA:2506,307,1,1
BRDA:2507,308,0,1
BRDA:2507,308,1,0
BRDA:2508,309,0,1
BRDA:2508,309,1,0
BRDA:2509,310,0,1
BRDA:2509,310,1,0
BRDA:2510,311,0,1
BRDA:2510,311,1,0
BRDA:2511,312,0,1
BRDA:2511,312,1,0
BRDA:2512,313,0,1
BRDA:2512,313,1,0
BRDA:2513,314,0,1
BRDA:2513,314,1,0
BRDA:2514,315,0,1
BRDA:2514,315,1,0
BRDA:2515,316,0,1
BRDA:2515,316,1,0
BRDA:2516,317,0,1
BRDA:2516,317,1,0
BRDA:2517,318,0,1
BRDA:2517,318,1,0
BRDA:2518,319,0,1
BRDA:2518,319,1,0
BRDA:2519,320,0,1
BRDA:2519,320,1,0
BRDA:2520,321,0,1
BRDA:2520,321,1,0
BRDA:2521,322,0,1
BRDA:2521,322,1,0
BRDA:2522,323,0,1
BRDA:2522,323,1,0
BRDA:2523,324,0,1
BRDA:2523,324,1,0
BRDA:2524,325,0,1
BRDA:2524,325,1,0
BRDA:2525,326,0,1
BRDA:2525,326,1,0
BRDA:2526,327,0,1
BRDA:2526,327,1,0
BRDA:2527,328,0,1
BRDA:2527,328,1,0
BRDA:2528,329,0,1
BRDA:2528,329,1,0
BRDA:2529,330,0,1
BRDA:2529,330,1,0
BRDA:2529,331,0,1
BRDA:2529,331,1,0
BRDA:2530,332,0,1
BRDA:2530,332,1,0
BRDA:2531,333,0,1
BRDA:2531,333,1,0
BRDA:2532,334,0,1
BRDA:2532,334,1,0
BRDA:2533,335,0,1
BRDA:2533,335,1,0
BRDA:2546,336,0,0
BRDA:2546,336,1,0
BRDA:2553,337,0,0
BRDA:2553,337,1,0
BRDA:2578,338,0,1
BRDA:2578,338,1,0
BRDA:2579,339,0,0
BRDA:2579,339,1,1
BRDA:2588,340,0,2
BRDA:2588,340,1,2
BRDA:2590,341,0,1
BRDA:2590,341,1,1
BRDA:2598,342,0,0
BRDA:2598,342,1,1
BRDA:2599,343,0,0
BRDA:2599,343,1,1
BRDA:2602,344,0,0
BRDA:2602,344,1,1
BRDA:2605,345,0,0
BRDA:2605,345,1,1
BRDA:2611,346,0,1
BRDA:2611,346,1,0
BRDA:2618,347,0,0
BRDA:2618,347,1,1
BRDA:2653,348,0,0
BRDA:2653,348,1,0
BRDA:2657,349,0,0
BRDA:2657,349,1,0
BRDA:2669,350,0,0
BRDA:2669,350,1,0
BRDA:2669,351,0,0
BRDA:2669,351,1,0
BRDA:2669,351,2,0
BRDA:2673,352,0,0
BRDA:2673,352,1,0
BRDA:2675,353,0,0
BRDA:2675,353,1,0
BRDA:2686,354,0,0
BRDA:2686,354,1,0
BRDA:2689,355,0,0
BRDA:2689,355,1,0
BRDA:2699,356,0,0
BRDA:2699,356,1,0
BRDA:2703,357,0,0
BRDA:2703,357,1,0
BRDA:2716,358,0,0
BRDA:2716,358,1,0
BRDA:2727,359,0,0
BRDA:2727,359,1,1
BRDA:2728,360,0,0
BRDA:2728,360,1,0
BRDA:2753,361,0,1
BRDA:2753,361,1,0
BRDA:2753,362,0,1
BRDA:2753,362,1,1
BRDA:2755,363,0,0
BRDA:2755,363,1,0
BRDA:2755,364,0,0
BRDA:2755,364,1,0
BRDA:2757,365,0,0
BRDA:2757,365,1,0
BRF:889
BRH:212
end_of_record
